<?xml version="1.0" encoding="UTF-8"?>
<!-- Generated by org.testng.reporters.JUnitReportReporter -->
<testsuite hostname="emily" name="pic.anjuke.qa.Pic" tests="1" failures="1" timestamp="18 Jul 2013 06:20:14 GMT" time="0.001" errors="0">
  <testcase name="shanghai" time="0.001" classname="pic.anjuke.qa.Pic">
    <failure type="java.lang.NullPointerException">
      <![CDATA[java.lang.NullPointerException
	at com.anjukeinc.iata.ui.browser.BrowserDriverFactory.factoryMethod(BrowserDriverFactory.java:21)
	at com.anjukeinc.iata.ui.browser.BrowserDriverFactory.getBrowserDriver(BrowserDriverFactory.java:15)
	at com.anjukeinc.iata.ui.browser.FactoryBrowser.factoryBrowser(FactoryBrowser.java:37)
	at pic.anjuke.qa.Pic.setUp(Pic.java:21)
	at sun.reflect.NativeMethodAccessorImpl.invoke0(Native Method)
	at sun.reflect.NativeMethodAccessorImpl.invoke(NativeMethodAccessorImpl.java:39)
	at sun.reflect.DelegatingMethodAccessorImpl.invoke(DelegatingMethodAccessorImpl.java:25)
	at java.lang.reflect.Method.invoke(Method.java:597)
	at org.testng.internal.MethodInvocationHelper.invokeMethod(MethodInvocationHelper.java:84)
	at org.testng.internal.Invoker.invokeConfigurationMethod(Invoker.java:564)
	at org.testng.internal.Invoker.invokeConfigurations(Invoker.java:213)
	at org.testng.internal.Invoker.invokeConfigurations(Invoker.java:138)
	at org.testng.internal.TestMethodWorker.invokeBeforeClassMethods(TestMethodWorker.java:175)
	at org.testng.internal.TestMethodWorker.run(TestMethodWorker.java:107)
	at java.util.concurrent.ThreadPoolExecutor$Worker.runTask(ThreadPoolExecutor.java:895)
	at java.util.concurrent.ThreadPoolExecutor$Worker.run(ThreadPoolExecutor.java:918)
	at java.lang.Thread.run(Thread.java:662)
]]>
    </failure>
  </testcase> <!-- shanghai -->
</testsuite> <!-- pic.anjuke.qa.Pic -->
