<?xml version="1.0" encoding="UTF-8"?>
<!-- Generated by org.testng.reporters.JUnitReportReporter -->
<testsuite hostname="3CD92B4C1826" name="com.anjuke.ui.testcase.TestA" tests="1" failures="0" timestamp="1 Aug 2012 07:29:50 GMT" time="23.313" errors="0">
  <testcase name="submitEvaluate" time="23.313" classname="com.anjuke.ui.testcase.TestA"/>
</testsuite> <!-- com.anjuke.ui.testcase.TestA -->
