<?xml version="1.0" encoding="UTF-8"?>
<!-- Generated by org.testng.reporters.JUnitReportReporter -->
<testsuite hostname="3CD92B4C1826" name="com.anjuke.ui.testcase.sellhouse" tests="1" failures="0" timestamp="1 Aug 2012 10:06:55 GMT" time="25.421" errors="0">
  <testcase name="test1" time="25.421" classname="com.anjuke.ui.testcase.sellhouse"/>
</testsuite> <!-- com.anjuke.ui.testcase.sellhouse -->
