<?xml version="1.0" encoding="UTF-8"?>
<!-- Generated by org.testng.reporters.JUnitReportReporter -->
<testsuite hostname="3CD92B4C1826" name="com.anjuke.ui.testcase.AnjukeRecommendHouse" tests="2" failures="0" timestamp="30 Jul 2012 06:35:16 GMT" time="100.856" errors="0">
  <testcase name="testRecommendRentHouse" time="49.326" classname="com.anjuke.ui.testcase.AnjukeRecommendHouse"/>
  <testcase name="testRecommendBuyHouse" time="51.530" classname="com.anjuke.ui.testcase.AnjukeRecommendHouse"/>
</testsuite> <!-- com.anjuke.ui.testcase.AnjukeRecommendHouse -->
