<?xml version="1.0" encoding="UTF-8"?>
<!-- Generated by org.testng.reporters.JUnitReportReporter -->
<testsuite hostname="3CD92B4C1826" name="com.anjuke.ui.testcase.AnjukeUpdateReleaseSale" tests="1" failures="0" timestamp="31 Jul 2012 06:39:19 GMT" time="134.793" errors="0">
  <testcase name="releaseSale" time="134.793" classname="com.anjuke.ui.testcase.AnjukeUpdateReleaseSale"/>
</testsuite> <!-- com.anjuke.ui.testcase.AnjukeUpdateReleaseSale -->
