<?xml version="1.0" encoding="UTF-8"?>
<!-- Generated by org.testng.reporters.JUnitReportReporter -->
<testsuite hostname="3CD92B4C1826" name="com.anjuke.ui.testcase.AnjukeSearchCheck" tests="1" failures="0" timestamp="1 Aug 2012 08:18:38 GMT" time="195.728" errors="0">
  <testcase name="searchCheck" time="195.728" classname="com.anjuke.ui.testcase.AnjukeSearchCheck"/>
</testsuite> <!-- com.anjuke.ui.testcase.AnjukeSearchCheck -->
