<?xml version="1.0" encoding="UTF-8"?>
<!-- Generated by org.testng.reporters.JUnitReportReporter -->
<testsuite hostname="emily" name="com.anjuke.ui.testcase.AnjukeSaleSearchNoResultSimilar" tests="1" failures="1" timestamp="18 Jul 2013 06:13:58 GMT" time="0.000" errors="0">
  <testcase name="keywordSearch" time="0.000" classname="com.anjuke.ui.testcase.AnjukeSaleSearchNoResultSimilar">
    <failure type="java.lang.NullPointerException">
      <![CDATA[java.lang.NullPointerException
	at com.anjukeinc.iata.ui.browser.BrowserDriverFactory.factoryMethod(BrowserDriverFactory.java:21)
	at com.anjukeinc.iata.ui.browser.BrowserDriverFactory.getBrowserDriver(BrowserDriverFactory.java:15)
	at com.anjukeinc.iata.ui.browser.FactoryBrowser.factoryBrowser(FactoryBrowser.java:37)
	at com.anjuke.ui.testcase.AnjukeSaleSearchNoResultSimilar.setUp(AnjukeSaleSearchNoResultSimilar.java:30)
	at sun.reflect.NativeMethodAccessorImpl.invoke0(Native Method)
	at sun.reflect.NativeMethodAccessorImpl.invoke(NativeMethodAccessorImpl.java:39)
	at sun.reflect.DelegatingMethodAccessorImpl.invoke(DelegatingMethodAccessorImpl.java:25)
	at java.lang.reflect.Method.invoke(Method.java:597)
	at org.testng.internal.MethodInvocationHelper.invokeMethod(MethodInvocationHelper.java:80)
	at org.testng.internal.Invoker.invokeConfigurationMethod(Invoker.java:525)
	at org.testng.internal.Invoker.invokeConfigurations(Invoker.java:202)
	at org.testng.internal.Invoker.invokeMethod(Invoker.java:613)
	at org.testng.internal.Invoker.invokeTestMethod(Invoker.java:842)
	at org.testng.internal.Invoker.invokeTestMethods(Invoker.java:1166)
	at org.testng.internal.TestMethodWorker.invokeTestMethods(TestMethodWorker.java:125)
	at org.testng.internal.TestMethodWorker.run(TestMethodWorker.java:109)
	at java.util.concurrent.ThreadPoolExecutor$Worker.runTask(ThreadPoolExecutor.java:895)
	at java.util.concurrent.ThreadPoolExecutor$Worker.run(ThreadPoolExecutor.java:918)
	at java.lang.Thread.run(Thread.java:662)
]]>
    </failure>
  </testcase>
</testsuite>
